0 info it worked if it ends with ok
1 verbose cli [ 'D:\\Files\\nodejs\\node.exe',
1 verbose cli   'D:\\Files\\nodejs\\node_modules\\npm\\bin\\npm-cli.js',
1 verbose cli   'start' ]
2 info using npm@3.10.10
3 info using node@v6.11.3
4 verbose run-script [ 'prestart', 'start', 'poststart' ]
5 info lifecycle server2@0.0.0~prestart: server2@0.0.0
6 silly lifecycle server2@0.0.0~prestart: no script for prestart, continuing
7 info lifecycle server2@0.0.0~start: server2@0.0.0
8 verbose lifecycle server2@0.0.0~start: unsafe-perm in lifecycle true
9 verbose lifecycle server2@0.0.0~start: PATH: D:\Files\nodejs\node_modules\npm\bin\node-gyp-bin;D:\androidSchool\project\bestfood\server3\node_modules\.bin;C:\ProgramData\Oracle\Java\javapath;%JAVA_HOME&\bin;C:\Program Files (x86)\Intel\iCLS Client\;C:\Program Files\Intel\iCLS Client\;C:\Program Files\Common Files\Microsoft Shared\Windows Live;C:\Program Files (x86)\Common Files\Microsoft Shared\Windows Live;C:\Windows\system32;C:\Windows;C:\Windows\System32\Wbem;C:\Windows\System32\WindowsPowerShell\v1.0\;C:\Program Files (x86)\Windows Live\Shared;C:\Program Files\Intel\Intel(R) Management Engine Components\DAL;C:\Program Files\Intel\Intel(R) Management Engine Components\IPT;C:\Program Files (x86)\Intel\Intel(R) Management Engine Components\DAL;C:\Program Files (x86)\Intel\Intel(R) Management Engine Components\IPT;C:\Program Files\Intel\WiFi\bin\;C:\Program Files\Common Files\Intel\WirelessCommon\;C:\Program Files\Diskeeper Corporation\ExpressCache\;C:\Program Files\MySQL\MySQL Utilities 1.6\;D:\Files\Git\cmd;D:\Files\nodejs\;C:\Program Files\Intel\WiFi\bin\;C:\Program Files\Common Files\Intel\WirelessCommon\;C:\Users\Administrator\AppData\Local\atom\bin;C:\Users\Administrator\AppData\Roaming\npm;D:\Files\Microsoft VS Code\bin;C:\Program Files (x86)\ESTsoft\ALSee\x64
10 verbose lifecycle server2@0.0.0~start: CWD: D:\androidSchool\project\bestfood\server3
11 silly lifecycle server2@0.0.0~start: Args: [ '/d /s /c', 'node ./bin/www' ]
12 silly lifecycle server2@0.0.0~start: Returned: code: 3221225786  signal: null
13 info lifecycle server2@0.0.0~start: Failed to exec start script
14 verbose stack Error: server2@0.0.0 start: `node ./bin/www`
14 verbose stack Exit status 3221225786
14 verbose stack     at EventEmitter.<anonymous> (D:\Files\nodejs\node_modules\npm\lib\utils\lifecycle.js:255:16)
14 verbose stack     at emitTwo (events.js:106:13)
14 verbose stack     at EventEmitter.emit (events.js:191:7)
14 verbose stack     at ChildProcess.<anonymous> (D:\Files\nodejs\node_modules\npm\lib\utils\spawn.js:40:14)
14 verbose stack     at emitTwo (events.js:106:13)
14 verbose stack     at ChildProcess.emit (events.js:191:7)
14 verbose stack     at maybeClose (internal/child_process.js:920:16)
14 verbose stack     at Process.ChildProcess._handle.onexit (internal/child_process.js:230:5)
15 verbose pkgid server2@0.0.0
16 verbose cwd D:\androidSchool\project\bestfood\server3
17 error Windows_NT 6.1.7601
18 error argv "D:\\Files\\nodejs\\node.exe" "D:\\Files\\nodejs\\node_modules\\npm\\bin\\npm-cli.js" "start"
19 error node v6.11.3
20 error npm  v3.10.10
21 error code ELIFECYCLE
22 error server2@0.0.0 start: `node ./bin/www`
22 error Exit status 3221225786
23 error Failed at the server2@0.0.0 start script 'node ./bin/www'.
23 error Make sure you have the latest version of node.js and npm installed.
23 error If you do, this is most likely a problem with the server2 package,
23 error not with npm itself.
23 error Tell the author that this fails on your system:
23 error     node ./bin/www
23 error You can get information on how to open an issue for this project with:
23 error     npm bugs server2
23 error Or if that isn't available, you can get their info via:
23 error     npm owner ls server2
23 error There is likely additional logging output above.
24 verbose exit [ 1, true ]
